c:\users\b019105l\documents\github\ai-coding-assignment-2023-alenevedmidnat\x64\debug\vc143.pdb
c:\users\b019105l\documents\github\ai-coding-assignment-2023-alenevedmidnat\x64\debug\waypointmanager.obj
c:\users\b019105l\documents\github\ai-coding-assignment-2023-alenevedmidnat\x64\debug\waypoint.obj
c:\users\b019105l\documents\github\ai-coding-assignment-2023-alenevedmidnat\x64\debug\vehicle.obj
c:\users\b019105l\documents\github\ai-coding-assignment-2023-alenevedmidnat\x64\debug\pickupitem.obj
c:\users\b019105l\documents\github\ai-coding-assignment-2023-alenevedmidnat\x64\debug\main.obj
c:\users\b019105l\documents\github\ai-coding-assignment-2023-alenevedmidnat\x64\debug\forcemotion.obj
c:\users\b019105l\documents\github\ai-coding-assignment-2023-alenevedmidnat\x64\debug\drawablegameobject.obj
c:\users\b019105l\documents\github\ai-coding-assignment-2023-alenevedmidnat\x64\debug\ddstextureloader.obj
c:\users\b019105l\documents\github\ai-coding-assignment-2023-alenevedmidnat\x64\debug\collisionhelper.obj
c:\users\b019105l\documents\github\ai-coding-assignment-2023-alenevedmidnat\x64\debug\collidable.obj
c:\users\b019105l\documents\github\ai-coding-assignment-2023-alenevedmidnat\x64\debug\background.obj
c:\users\b019105l\documents\github\ai-coding-assignment-2023-alenevedmidnat\x64\debug\aimanager.obj
c:\users\b019105l\documents\github\ai-coding-assignment-2023-alenevedmidnat\x64\debug\aiframework.exe
c:\users\b019105l\documents\github\ai-coding-assignment-2023-alenevedmidnat\x64\debug\aiframework.ilk
c:\users\b019105l\documents\github\ai-coding-assignment-2023-alenevedmidnat\x64\debug\aiframework.pdb
c:\users\b019105l\documents\github\ai-coding-assignment-2023-alenevedmidnat\x64\debug\aiframework.res
c:\users\b019105l\documents\github\ai-coding-assignment-2023-alenevedmidnat\x64\debug\aiframework.tlog\cl.command.1.tlog
c:\users\b019105l\documents\github\ai-coding-assignment-2023-alenevedmidnat\x64\debug\aiframework.tlog\cl.read.1.tlog
c:\users\b019105l\documents\github\ai-coding-assignment-2023-alenevedmidnat\x64\debug\aiframework.tlog\cl.write.1.tlog
c:\users\b019105l\documents\github\ai-coding-assignment-2023-alenevedmidnat\x64\debug\aiframework.tlog\link.command.1.tlog
c:\users\b019105l\documents\github\ai-coding-assignment-2023-alenevedmidnat\x64\debug\aiframework.tlog\link.read.1.tlog
c:\users\b019105l\documents\github\ai-coding-assignment-2023-alenevedmidnat\x64\debug\aiframework.tlog\link.write.1.tlog
c:\users\b019105l\documents\github\ai-coding-assignment-2023-alenevedmidnat\x64\debug\aiframework.tlog\rc.command.1.tlog
c:\users\b019105l\documents\github\ai-coding-assignment-2023-alenevedmidnat\x64\debug\aiframework.tlog\rc.read.1.tlog
c:\users\b019105l\documents\github\ai-coding-assignment-2023-alenevedmidnat\x64\debug\aiframework.tlog\rc.write.1.tlog
